This is pdfTeX, Version 3.14159265-2.6-1.40.20 (TeX Live 2019/W32TeX) (preloaded format=pdflatex 2020.2.29)  22 JUN 2020 14:58
entering extended mode
 restricted \write18 enabled.
 %&-line parsing enabled.
**"Steel, Thomas_43573136_ENGG4802.tex"
(./Steel, Thomas_43573136_ENGG4802.tex
LaTeX2e <2020-02-02> patch level 5
L3 programming layer <2020-02-25>
(c:/Apps/texlive/2019/texmf-dist/tex/latex/base/report.cls
Document Class: report 2019/12/20 v1.4l Standard LaTeX document class
(c:/Apps/texlive/2019/texmf-dist/tex/latex/base/size12.clo
File: size12.clo 2019/12/20 v1.4l Standard LaTeX file (size option)
)
\c@part=\count167
\c@chapter=\count168
\c@section=\count169
\c@subsection=\count170
\c@subsubsection=\count171
\c@paragraph=\count172
\c@subparagraph=\count173
\c@figure=\count174
\c@table=\count175
\abovecaptionskip=\skip47
\belowcaptionskip=\skip48
\bibindent=\dimen134
)
(c:/Apps/texlive/2019/texmf-dist/tex/latex/geometry/geometry.sty
Package: geometry 2020/01/02 v5.9 Page Geometry

(c:/Apps/texlive/2019/texmf-dist/tex/latex/graphics/keyval.sty
Package: keyval 2014/10/28 v1.15 key=value parser (DPC)
\KV@toks@=\toks15
)
(c:/Apps/texlive/2019/texmf-dist/tex/generic/iftex/ifvtex.sty
Package: ifvtex 2019/10/25 v1.7 ifvtex legacy package. Use iftex instead.

(c:/Apps/texlive/2019/texmf-dist/tex/generic/iftex/iftex.sty
Package: iftex 2019/11/07 v1.0c TeX engine tests
))
\Gm@cnth=\count176
\Gm@cntv=\count177
\c@Gm@tempcnt=\count178
\Gm@bindingoffset=\dimen135
\Gm@wd@mp=\dimen136
\Gm@odd@mp=\dimen137
\Gm@even@mp=\dimen138
\Gm@layoutwidth=\dimen139
\Gm@layoutheight=\dimen140
\Gm@layouthoffset=\dimen141
\Gm@layoutvoffset=\dimen142
\Gm@dimlist=\toks16
)
(c:/Apps/texlive/2019/texmf-dist/tex/latex/base/syntonly.sty
Package: syntonly 2017/06/30 v2.1e Standard LaTeX2e package
)
(c:/Apps/texlive/2019/texmf-dist/tex/latex/lm/lmodern.sty
Package: lmodern 2009/10/30 v1.6 Latin Modern Fonts
LaTeX Font Info:    Overwriting symbol font `operators' in version `normal'
(Font)                  OT1/cmr/m/n --> OT1/lmr/m/n on input line 22.
LaTeX Font Info:    Overwriting symbol font `letters' in version `normal'
(Font)                  OML/cmm/m/it --> OML/lmm/m/it on input line 23.
LaTeX Font Info:    Overwriting symbol font `symbols' in version `normal'
(Font)                  OMS/cmsy/m/n --> OMS/lmsy/m/n on input line 24.
LaTeX Font Info:    Overwriting symbol font `largesymbols' in version `normal'
(Font)                  OMX/cmex/m/n --> OMX/lmex/m/n on input line 25.
LaTeX Font Info:    Overwriting symbol font `operators' in version `bold'
(Font)                  OT1/cmr/bx/n --> OT1/lmr/bx/n on input line 26.
LaTeX Font Info:    Overwriting symbol font `letters' in version `bold'
(Font)                  OML/cmm/b/it --> OML/lmm/b/it on input line 27.
LaTeX Font Info:    Overwriting symbol font `symbols' in version `bold'
(Font)                  OMS/cmsy/b/n --> OMS/lmsy/b/n on input line 28.
LaTeX Font Info:    Overwriting symbol font `largesymbols' in version `bold'
(Font)                  OMX/cmex/m/n --> OMX/lmex/m/n on input line 29.
LaTeX Font Info:    Overwriting math alphabet `\mathbf' in version `normal'
(Font)                  OT1/cmr/bx/n --> OT1/lmr/bx/n on input line 31.
LaTeX Font Info:    Overwriting math alphabet `\mathsf' in version `normal'
(Font)                  OT1/cmss/m/n --> OT1/lmss/m/n on input line 32.
LaTeX Font Info:    Overwriting math alphabet `\mathit' in version `normal'
(Font)                  OT1/cmr/m/it --> OT1/lmr/m/it on input line 33.
LaTeX Font Info:    Overwriting math alphabet `\mathtt' in version `normal'
(Font)                  OT1/cmtt/m/n --> OT1/lmtt/m/n on input line 34.
LaTeX Font Info:    Overwriting math alphabet `\mathbf' in version `bold'
(Font)                  OT1/cmr/bx/n --> OT1/lmr/bx/n on input line 35.
LaTeX Font Info:    Overwriting math alphabet `\mathsf' in version `bold'
(Font)                  OT1/cmss/bx/n --> OT1/lmss/bx/n on input line 36.
LaTeX Font Info:    Overwriting math alphabet `\mathit' in version `bold'
(Font)                  OT1/cmr/bx/it --> OT1/lmr/bx/it on input line 37.
LaTeX Font Info:    Overwriting math alphabet `\mathtt' in version `bold'
(Font)                  OT1/cmtt/m/n --> OT1/lmtt/m/n on input line 38.
)
(c:/Apps/texlive/2019/texmf-dist/tex/latex/base/fontenc.sty
Package: fontenc 2020/02/11 v2.0o Standard LaTeX package
LaTeX Font Info:    Trying to load font information for T1+lmr on input line 11
2.

(c:/Apps/texlive/2019/texmf-dist/tex/latex/lm/t1lmr.fd
File: t1lmr.fd 2009/10/30 v1.6 Font defs for Latin Modern
))
(c:/Apps/texlive/2019/texmf-dist/tex/latex/biblatex/biblatex.sty
Package: biblatex 2019/12/01 v3.14 programmable bibliographies (PK/MW)

(c:/Apps/texlive/2019/texmf-dist/tex/latex/pdftexcmds/pdftexcmds.sty
Package: pdftexcmds 2019/11/24 v0.31 Utility functions of pdfTeX for LuaTeX (HO
)

(c:/Apps/texlive/2019/texmf-dist/tex/generic/infwarerr/infwarerr.sty
Package: infwarerr 2019/12/03 v1.5 Providing info/warning/error messages (HO)
)
(c:/Apps/texlive/2019/texmf-dist/tex/generic/ltxcmds/ltxcmds.sty
Package: ltxcmds 2019/12/15 v1.24 LaTeX kernel commands for general use (HO)
)
Package pdftexcmds Info: \pdf@primitive is available.
Package pdftexcmds Info: \pdf@ifprimitive is available.
Package pdftexcmds Info: \pdfdraftmode found.
)
(c:/Apps/texlive/2019/texmf-dist/tex/latex/etoolbox/etoolbox.sty
Package: etoolbox 2019/09/21 v2.5h e-TeX tools for LaTeX (JAW)
\etb@tempcnta=\count179
)
(c:/Apps/texlive/2019/texmf-dist/tex/latex/kvoptions/kvoptions.sty
Package: kvoptions 2019/11/29 v3.13 Key value format for package options (HO)

(c:/Apps/texlive/2019/texmf-dist/tex/generic/kvsetkeys/kvsetkeys.sty
Package: kvsetkeys 2019/12/15 v1.18 Key value parser (HO)
))
(c:/Apps/texlive/2019/texmf-dist/tex/latex/logreq/logreq.sty
Package: logreq 2010/08/04 v1.0 xml request logger
\lrq@indent=\count180

(c:/Apps/texlive/2019/texmf-dist/tex/latex/logreq/logreq.def
File: logreq.def 2010/08/04 v1.0 logreq spec v1.0
))
(c:/Apps/texlive/2019/texmf-dist/tex/latex/base/ifthen.sty
Package: ifthen 2014/09/29 v1.1c Standard LaTeX ifthen package (DPC)
)
(c:/Apps/texlive/2019/texmf-dist/tex/latex/url/url.sty
\Urlmuskip=\muskip16
Package: url 2013/09/16  ver 3.4  Verb mode for urls, etc.
)
\c@tabx@nest=\count181
\c@listtotal=\count182
\c@listcount=\count183
\c@liststart=\count184
\c@liststop=\count185
\c@citecount=\count186
\c@citetotal=\count187
\c@multicitecount=\count188
\c@multicitetotal=\count189
\c@instcount=\count190
\c@maxnames=\count191
\c@minnames=\count192
\c@maxitems=\count193
\c@minitems=\count194
\c@citecounter=\count195
\c@maxcitecounter=\count196
\c@savedcitecounter=\count197
\c@uniquelist=\count198
\c@uniquename=\count199
\c@refsection=\count266
\c@refsegment=\count267
\c@maxextratitle=\count268
\c@maxextratitleyear=\count269
\c@maxextraname=\count270
\c@maxextradate=\count271
\c@maxextraalpha=\count272
\c@abbrvpenalty=\count273
\c@highnamepenalty=\count274
\c@lownamepenalty=\count275
\c@maxparens=\count276
\c@parenlevel=\count277
\blx@tempcnta=\count278
\blx@tempcntb=\count279
\blx@tempcntc=\count280
\blx@maxsection=\count281
\blx@maxsegment@0=\count282
\blx@notetype=\count283
\blx@parenlevel@text=\count284
\blx@parenlevel@foot=\count285
\blx@sectionciteorder@0=\count286
\blx@entrysetcounter=\count287
\labelnumberwidth=\skip49
\labelalphawidth=\skip50
\biblabelsep=\skip51
\bibitemsep=\skip52
\bibnamesep=\skip53
\bibinitsep=\skip54
\bibparsep=\skip55
\bibhang=\skip56
\blx@bcfin=\read2
\blx@bcfout=\write3
\blx@langwohyphens=\language85
\c@mincomprange=\count288
\c@maxcomprange=\count289
\c@mincompwidth=\count290
Package biblatex Info: Trying to load biblatex default data model...
Package biblatex Info: ... file 'blx-dm.def' found.

(c:/Apps/texlive/2019/texmf-dist/tex/latex/biblatex/blx-dm.def
File: blx-dm.def 2019/12/01 v3.14 biblatex localization (PK/MW)
)
Package biblatex Info: Trying to load biblatex style data model...
Package biblatex Info: ... file 'ieee.dbx' not found.
Package biblatex Info: Trying to load biblatex custom data model...
Package biblatex Info: ... file 'biblatex-dm.cfg' not found.
\c@afterword=\count291
\c@savedafterword=\count292
\c@annotator=\count293
\c@savedannotator=\count294
\c@author=\count295
\c@savedauthor=\count296
\c@bookauthor=\count297
\c@savedbookauthor=\count298
\c@commentator=\count299
\c@savedcommentator=\count300
\c@editor=\count301
\c@savededitor=\count302
\c@editora=\count303
\c@savededitora=\count304
\c@editorb=\count305
\c@savededitorb=\count306
\c@editorc=\count307
\c@savededitorc=\count308
\c@foreword=\count309
\c@savedforeword=\count310
\c@holder=\count311
\c@savedholder=\count312
\c@introduction=\count313
\c@savedintroduction=\count314
\c@namea=\count315
\c@savednamea=\count316
\c@nameb=\count317
\c@savednameb=\count318
\c@namec=\count319
\c@savednamec=\count320
\c@translator=\count321
\c@savedtranslator=\count322
\c@shortauthor=\count323
\c@savedshortauthor=\count324
\c@shorteditor=\count325
\c@savedshorteditor=\count326
\c@labelname=\count327
\c@savedlabelname=\count328
\c@institution=\count329
\c@savedinstitution=\count330
\c@lista=\count331
\c@savedlista=\count332
\c@listb=\count333
\c@savedlistb=\count334
\c@listc=\count335
\c@savedlistc=\count336
\c@listd=\count337
\c@savedlistd=\count338
\c@liste=\count339
\c@savedliste=\count340
\c@listf=\count341
\c@savedlistf=\count342
\c@location=\count343
\c@savedlocation=\count344
\c@organization=\count345
\c@savedorganization=\count346
\c@origlocation=\count347
\c@savedoriglocation=\count348
\c@origpublisher=\count349
\c@savedorigpublisher=\count350
\c@publisher=\count351
\c@savedpublisher=\count352
\c@language=\count353
\c@savedlanguage=\count354
\c@origlanguage=\count355
\c@savedoriglanguage=\count356
\c@pageref=\count357
\c@savedpageref=\count358
\shorthandwidth=\skip57
\shortjournalwidth=\skip58
\shortserieswidth=\skip59
\shorttitlewidth=\skip60
\shortauthorwidth=\skip61
\shorteditorwidth=\skip62
\locallabelnumberwidth=\skip63
\locallabelalphawidth=\skip64
\localshorthandwidth=\skip65
\localshortjournalwidth=\skip66
\localshortserieswidth=\skip67
\localshorttitlewidth=\skip68
\localshortauthorwidth=\skip69
\localshorteditorwidth=\skip70
Package biblatex Info: Trying to load compatibility code...
Package biblatex Info: ... file 'blx-compat.def' found.

(c:/Apps/texlive/2019/texmf-dist/tex/latex/biblatex/blx-compat.def
File: blx-compat.def 2019/12/01 v3.14 biblatex compatibility (PK/MW)
)
Package biblatex Info: Trying to load generic definitions...
Package biblatex Info: ... file 'biblatex.def' found.

(c:/Apps/texlive/2019/texmf-dist/tex/latex/biblatex/biblatex.def
File: biblatex.def 2019/12/01 v3.14 biblatex compatibility (PK/MW)
\c@textcitecount=\count359
\c@textcitetotal=\count360
\c@textcitemaxnames=\count361
\c@biburlbigbreakpenalty=\count362
\c@biburlbreakpenalty=\count363
\c@biburlnumpenalty=\count364
\c@biburlucpenalty=\count365
\c@biburllcpenalty=\count366
\biburlbigskip=\muskip17
\biburlnumskip=\muskip18
\biburlucskip=\muskip19
\biburllcskip=\muskip20
\c@smartand=\count367
)
Package biblatex Info: Trying to load bibliography style 'ieee'...
Package biblatex Info: ... file 'ieee.bbx' found.
 (./ieee.bbx
File: ieee.bbx 2020/02/26 v1.3b biblatex bibliography style
Package biblatex Info: Trying to load bibliography style 'numeric-comp'...
Package biblatex Info: ... file 'numeric-comp.bbx' found.

(c:/Apps/texlive/2019/texmf-dist/tex/latex/biblatex/bbx/numeric-comp.bbx
File: numeric-comp.bbx 2019/12/01 v3.14 biblatex bibliography style (PK/MW)
Package biblatex Info: Trying to load bibliography style 'numeric'...
Package biblatex Info: ... file 'numeric.bbx' found.

(c:/Apps/texlive/2019/texmf-dist/tex/latex/biblatex/bbx/numeric.bbx
File: numeric.bbx 2019/12/01 v3.14 biblatex bibliography style (PK/MW)
Package biblatex Info: Trying to load bibliography style 'standard'...
Package biblatex Info: ... file 'standard.bbx' found.

(c:/Apps/texlive/2019/texmf-dist/tex/latex/biblatex/bbx/standard.bbx
File: standard.bbx 2019/12/01 v3.14 biblatex bibliography style (PK/MW)
\c@bbx:relatedcount=\count368
\c@bbx:relatedtotal=\count369
))))
Package biblatex Info: Trying to load citation style 'ieee'...
Package biblatex Info: ... file 'ieee.cbx' found.

(./ieee.cbx
File: ieee.cbx 2020/02/26 v1.3b biblatex citation style
Package biblatex Info: Trying to load citation style 'numeric-comp'...
Package biblatex Info: ... file 'numeric-comp.cbx' found.

(c:/Apps/texlive/2019/texmf-dist/tex/latex/biblatex/cbx/numeric-comp.cbx
File: numeric-comp.cbx 2019/12/01 v3.14 biblatex citation style (PK/MW)
\c@cbx@tempcnta=\count370
\c@cbx@tempcntb=\count371
Package biblatex Info: Redefining '\cite'.
Package biblatex Info: Redefining '\parencite'.
Package biblatex Info: Redefining '\footcite'.
Package biblatex Info: Redefining '\footcitetext'.
Package biblatex Info: Redefining '\smartcite'.
Package biblatex Info: Redefining '\supercite'.
Package biblatex Info: Redefining '\textcite'.
Package biblatex Info: Redefining '\textcites'.
Package biblatex Info: Redefining '\cites'.
Package biblatex Info: Redefining '\parencites'.
Package biblatex Info: Redefining '\smartcites'.
)
Package biblatex Info: Redefining '\cite'.
Package biblatex Info: Redefining '\cites'.
)
Package biblatex Info: Trying to load configuration file...
Package biblatex Info: ... file 'biblatex.cfg' found.

(c:/Apps/texlive/2019/texmf-dist/tex/latex/biblatex/biblatex.cfg
File: biblatex.cfg 
))
(c:/Apps/texlive/2019/texmf-dist/tex/latex/notoccite/notoccite.sty
Package: notoccite 2000/07/20
)
(c:/Apps/texlive/2019/texmf-dist/tex/latex/base/inputenc.sty
Package: inputenc 2018/08/11 v1.3c Input encoding file
\inpenc@prehook=\toks17
\inpenc@posthook=\toks18
)
(c:/Apps/texlive/2019/texmf-dist/tex/latex/graphics/graphicx.sty
Package: graphicx 2019/11/30 v1.2a Enhanced LaTeX Graphics (DPC,SPQR)

(c:/Apps/texlive/2019/texmf-dist/tex/latex/graphics/graphics.sty
Package: graphics 2019/11/30 v1.4a Standard LaTeX Graphics (DPC,SPQR)

(c:/Apps/texlive/2019/texmf-dist/tex/latex/graphics/trig.sty
Package: trig 2016/01/03 v1.10 sin cos tan (DPC)
)
(c:/Apps/texlive/2019/texmf-dist/tex/latex/graphics-cfg/graphics.cfg
File: graphics.cfg 2016/06/04 v1.11 sample graphics configuration
)
Package graphics Info: Driver file: pdftex.def on input line 105.

(c:/Apps/texlive/2019/texmf-dist/tex/latex/graphics-def/pdftex.def
File: pdftex.def 2018/01/08 v1.0l Graphics/color driver for pdftex
))
\Gin@req@height=\dimen143
\Gin@req@width=\dimen144
)
(c:/Apps/texlive/2019/texmf-dist/tex/latex/wrapfig/wrapfig.sty
\wrapoverhang=\dimen145
\WF@size=\dimen146
\c@WF@wrappedlines=\count372
\WF@box=\box45
\WF@everypar=\toks19
Package: wrapfig 2003/01/31  v 3.6
)
(c:/Apps/texlive/2019/texmf-dist/tex/latex/fancyhdr/fancyhdr.sty
Package: fancyhdr 2019/01/31 v3.10 Extensive control of page headers and footer
s
\f@nch@headwidth=\skip71
\f@nch@O@elh=\skip72
\f@nch@O@erh=\skip73
\f@nch@O@olh=\skip74
\f@nch@O@orh=\skip75
\f@nch@O@elf=\skip76
\f@nch@O@erf=\skip77
\f@nch@O@olf=\skip78
\f@nch@O@orf=\skip79
)

Package Fancyhdr Warning: \fancyhead's `E' option without twoside option is use
less on input line 35.


Package Fancyhdr Warning: \fancyfoot's `E' option without twoside option is use
less on input line 37.


Package Fancyhdr Warning: \fancyfoot's `E' option without twoside option is use
less on input line 38.


Package Fancyhdr Warning: \fancyfoot's `E' option without twoside option is use
less on input line 39.

\@quotelevel=\count373
\@quotereset=\count374
(c:/Apps/texlive/2019/texmf-dist/tex/latex/l3backend/l3backend-pdfmode.def
File: l3backend-pdfmode.def 2020-02-23 L3 backend support: PDF mode
\l__kernel_color_stack_int=\count375
\l__pdf_internal_box=\box46
)
(./Steel, Thomas_43573136_ENGG4802.aux (./chapters/Declaration.aux))
\openout1 = `"Steel, Thomas_43573136_ENGG4802.aux"'.

LaTeX Font Info:    Checking defaults for OML/cmm/m/it on input line 67.
LaTeX Font Info:    ... okay on input line 67.
LaTeX Font Info:    Checking defaults for OMS/cmsy/m/n on input line 67.
LaTeX Font Info:    ... okay on input line 67.
LaTeX Font Info:    Checking defaults for OT1/cmr/m/n on input line 67.
LaTeX Font Info:    ... okay on input line 67.
LaTeX Font Info:    Checking defaults for T1/cmr/m/n on input line 67.
LaTeX Font Info:    ... okay on input line 67.
LaTeX Font Info:    Checking defaults for TS1/cmr/m/n on input line 67.
LaTeX Font Info:    ... okay on input line 67.
LaTeX Font Info:    Checking defaults for OMX/cmex/m/n on input line 67.
LaTeX Font Info:    ... okay on input line 67.
LaTeX Font Info:    Checking defaults for U/cmr/m/n on input line 67.
LaTeX Font Info:    ... okay on input line 67.

*geometry* driver: auto-detecting
*geometry* detected driver: pdftex
*geometry* verbose mode - [ preamble ] result:
* driver: pdftex
* paper: a4paper
* layout: <same size as paper>
* layoutoffset:(h,v)=(0.0pt,0.0pt)
* modes: 
* h-part:(L,W,R)=(72.26999pt, 452.9679pt, 72.26999pt)
* v-part:(T,H,B)=(72.26999pt, 700.50687pt, 72.26999pt)
* \paperwidth=597.50787pt
* \paperheight=845.04684pt
* \textwidth=452.9679pt
* \textheight=700.50687pt
* \oddsidemargin=0.0pt
* \evensidemargin=0.0pt
* \topmargin=-37.0pt
* \headheight=12.0pt
* \headsep=25.0pt
* \topskip=12.0pt
* \footskip=30.0pt
* \marginparwidth=35.0pt
* \marginparsep=10.0pt
* \columnsep=10.0pt
* \skip\footins=10.8pt plus 4.0pt minus 2.0pt
* \hoffset=0.0pt
* \voffset=0.0pt
* \mag=1000
* \@twocolumnfalse
* \@twosidefalse
* \@mparswitchfalse
* \@reversemarginfalse
* (1in=72.27pt=25.4mm, 1cm=28.453pt)

Package biblatex Info: Trying to load language 'english'...
Package biblatex Info: ... file 'english.lbx' found.
(c:/Apps/texlive/2019/texmf-dist/tex/latex/biblatex/lbx/english.lbx
File: english.lbx 2019/12/01 v3.14 biblatex localization (PK/MW)
)
Package biblatex Info: Input encoding 'utf8' detected.
Package biblatex Info: Automatic encoding selection.
(biblatex)             Assuming data encoding 'utf8'.
\openout3 = `"Steel, Thomas_43573136_ENGG4802.bcf"'.

Package biblatex Info: Trying to load bibliographic data...
Package biblatex Info: ... file '"Steel, Thomas_43573136_ENGG4802".bbl' found.

(./Steel, Thomas_43573136_ENGG4802.bbl)
Package biblatex Info: Reference section=0 on input line 67.
Package biblatex Info: Reference segment=0 on input line 67.

(c:/Apps/texlive/2019/texmf-dist/tex/context/base/mkii/supp-pdf.mkii
[Loading MPS to PDF converter (version 2006.09.02).]
\scratchcounter=\count376
\scratchdimen=\dimen147
\scratchbox=\box47
\nofMPsegments=\count377
\nofMParguments=\count378
\everyMPshowfont=\toks20
\MPscratchCnt=\count379
\MPscratchDim=\dimen148
\MPnumerator=\count380
\makeMPintoPDFobject=\count381
\everyMPtoPDFconversion=\toks21
) (c:/Apps/texlive/2019/texmf-dist/tex/latex/epstopdf-pkg/epstopdf-base.sty
Package: epstopdf-base 2020-01-24 v2.11 Base part for package epstopdf
Package epstopdf-base Info: Redefining graphics rule for `.eps' on input line 4
85.

(c:/Apps/texlive/2019/texmf-dist/tex/latex/latexconfig/epstopdf-sys.cfg
File: epstopdf-sys.cfg 2010/07/13 v1.3 Configuration of (r)epstopdf for TeX Liv
e
))
<assets/PNGlogo.png, id=1, 284.5029pt x 112.2594pt>
File: assets/PNGlogo.png Graphic file (type png)
<use assets/PNGlogo.png>
Package pdftex.def Info: assets/PNGlogo.png  used on input line 71.
(pdftex.def)             Requested size: 452.9679pt x 178.7331pt.
LaTeX Font Info:    Trying to load font information for OT1+lmr on input line 7
1.

(c:/Apps/texlive/2019/texmf-dist/tex/latex/lm/ot1lmr.fd
File: ot1lmr.fd 2009/10/30 v1.6 Font defs for Latin Modern
)
LaTeX Font Info:    Trying to load font information for OML+lmm on input line 7
1.

(c:/Apps/texlive/2019/texmf-dist/tex/latex/lm/omllmm.fd
File: omllmm.fd 2009/10/30 v1.6 Font defs for Latin Modern
)
LaTeX Font Info:    Trying to load font information for OMS+lmsy on input line 
71.

(c:/Apps/texlive/2019/texmf-dist/tex/latex/lm/omslmsy.fd
File: omslmsy.fd 2009/10/30 v1.6 Font defs for Latin Modern
)
LaTeX Font Info:    Trying to load font information for OMX+lmex on input line 
71.

(c:/Apps/texlive/2019/texmf-dist/tex/latex/lm/omxlmex.fd
File: omxlmex.fd 2009/10/30 v1.6 Font defs for Latin Modern
)
LaTeX Font Info:    External font `lmex10' loaded for size
(Font)              <14.4> on input line 71.
LaTeX Font Info:    External font `lmex10' loaded for size
(Font)              <10> on input line 71.
LaTeX Font Info:    External font `lmex10' loaded for size
(Font)              <7> on input line 71.
 [1

{c:/Apps/texlive/2019/texmf-var/fonts/map/pdftex/updmap/pdftex.map} <./assets/P
NGLogo.png>]
[1]
\openout2 = `chapters/Declaration.aux'.

 (./chapters/Declaration.tex
Underfull \hbox (badness 10000) in paragraph at lines 15--20

 []


Underfull \hbox (badness 10000) in paragraph at lines 21--22

 []


Underfull \hbox (badness 10000) in paragraph at lines 28--29

 []

<assets/signature.png, id=14, 679.78969pt x 365.86688pt>
File: assets/signature.png Graphic file (type png)
<use assets/signature.png>
Package pdftex.def Info: assets/signature.png  used on input line 34.
(pdftex.def)             Requested size: 144.54pt x 77.78894pt.
) [2

 <./assets/signature.png>] [3

] [4] [5] [6]
(./Steel, Thomas_43573136_ENGG4802.toc
LaTeX Font Info:    External font `lmex10' loaded for size
(Font)              <12> on input line 5.
LaTeX Font Info:    External font `lmex10' loaded for size
(Font)              <8> on input line 5.
LaTeX Font Info:    External font `lmex10' loaded for size
(Font)              <6> on input line 5.
 [7

])
\tf@toc=\write4
\openout4 = `"Steel, Thomas_43573136_ENGG4802.toc"'.

 [8]
(./Steel, Thomas_43573136_ENGG4802.lof)
\tf@lof=\write5
\openout5 = `"Steel, Thomas_43573136_ENGG4802.lof"'.

 [9

] [10]
Chapter 1.
(./chapters/Thesis Definition and Scope.tex
<assets/Dark silicon problem diagram.png, id=45, 883.3pt x 218.8175pt>
File: assets/Dark silicon problem diagram.png Graphic file (type png)
<use assets/Dark silicon problem diagram.png>
Package pdftex.def Info: assets/Dark silicon problem diagram.png  used on input
 line 16.
(pdftex.def)             Requested size: 317.07614pt x 78.54718pt.
 [1


]

Package Fancyhdr Warning: \headheight is too small (12.0pt): 
Make it at least 14.49998pt.
We now make it that large for the rest of the document.
This may cause the page layout to be inconsistent, however.

[2 <./assets/Dark silicon problem diagram.png>]) [3] [4]
Chapter 2.
(./chapters/Background Theory.tex
<assets/SRAM CGP and M1 Pitch Graph.png, id=61, 566.115pt x 391.4625pt>
File: assets/SRAM CGP and M1 Pitch Graph.png Graphic file (type png)
<use assets/SRAM CGP and M1 Pitch Graph.png>
Package pdftex.def Info: assets/SRAM CGP and M1 Pitch Graph.png  used on input 
line 12.
(pdftex.def)             Requested size: 226.48395pt x 156.61208pt.
 [5

]
<assets/Dennardian scaling table.png, id=68, 489.83pt x 304.13625pt>
File: assets/Dennardian scaling table.png Graphic file (type png)
<use assets/Dennardian scaling table.png>
Package pdftex.def Info: assets/Dennardian scaling table.png  used on input lin
e 23.
(pdftex.def)             Requested size: 226.48395pt x 140.62367pt.
 [6 <./assets/SRAM CGP and M1 Pitch Graph.png> <./assets/Dennardian scaling tab
le.png>]
LaTeX Font Info:    Trying to load font information for TS1+lmr on input line 4
5.

(c:/Apps/texlive/2019/texmf-dist/tex/latex/lm/ts1lmr.fd
File: ts1lmr.fd 2009/10/30 v1.6 Font defs for Latin Modern
) [7]
<assets/DimSilicon.png, id=78, 574.145pt x 359.3425pt>
File: assets/DimSilicon.png Graphic file (type png)
<use assets/DimSilicon.png>
Package pdftex.def Info: assets/DimSilicon.png  used on input line 63.
(pdftex.def)             Requested size: 317.07614pt x 198.45596pt.
 [8 <./assets/DimSilicon.png>]
<assets/StorageDeviceHierarchy.jpg, id=83, 333.8874pt x 277.5168pt>
File: assets/StorageDeviceHierarchy.jpg Graphic file (type jpg)
<use assets/StorageDeviceHierarchy.jpg>
Package pdftex.def Info: assets/StorageDeviceHierarchy.jpg  used on input line 
78.
(pdftex.def)             Requested size: 226.48395pt x 188.25159pt.
 [9 <./assets/StorageDeviceHierarchy.jpg>] [10]
<assets/DieHotspots.png, id=90, 703.87968pt x 227.34938pt>
File: assets/DieHotspots.png Graphic file (type png)
<use assets/DieHotspots.png>
Package pdftex.def Info: assets/DieHotspots.png  used on input line 114.
(pdftex.def)             Requested size: 317.07614pt x 102.4138pt.
 [11 <./assets/DieHotspots.PNG>]
Overfull \hbox (3.60683pt too wide) in paragraph at lines 131--131
[]\T1/lmr/bx/n/14.4 Dynamic Ther-mal Man-age-ment and Hotspot Man-age-ment 
 []

[12]) [13] [14]
Chapter 3.
(./chapters/Method.tex
<assets/ThesisMethodFlowchart.png, id=106, 861.2175pt x 386.19281pt>
File: assets/ThesisMethodFlowchart.png Graphic file (type png)
<use assets/ThesisMethodFlowchart.png>
Package pdftex.def Info: assets/ThesisMethodFlowchart.png  used on input line 7
.
(pdftex.def)             Requested size: 362.37569pt x 162.5004pt.
 [15

 <./assets/ThesisMethodFlowchart.PNG>]
Overfull \hbox (40.77002pt too wide) in paragraph at lines 30--42
 [] 
 []

[16] [17]
<assets/CompSprint.png, id=117, 405.01312pt x 284.56313pt>
File: assets/CompSprint.png Graphic file (type png)
<use assets/CompSprint.png>
Package pdftex.def Info: assets/CompSprint.png  used on input line 76.
(pdftex.def)             Requested size: 226.48395pt x 159.13281pt.
<assets/Switched Sprinting.png, id=118, 667.49374pt x 541.02126pt>
File: assets/Switched Sprinting.png Graphic file (type png)
<use assets/Switched Sprinting.png>
Package pdftex.def Info: assets/Switched Sprinting.png  used on input line 85.
(pdftex.def)             Requested size: 226.48395pt x 183.5733pt.
 [18 <./assets/CompSprint.PNG>]
<assets/SingleSwitching.png, id=123, 672.5125pt x 493.845pt>
File: assets/SingleSwitching.png Graphic file (type png)
<use assets/SingleSwitching.png>
Package pdftex.def Info: assets/SingleSwitching.png  used on input line 94.
(pdftex.def)             Requested size: 226.48395pt x 166.3151pt.
<assets/MemDriven.png, id=124, 556.32843pt x 306.39468pt>
File: assets/MemDriven.png Graphic file (type png)
<use assets/MemDriven.png>
Package pdftex.def Info: assets/MemDriven.png  used on input line 103.
(pdftex.def)             Requested size: 226.48395pt x 124.73434pt.
 [19 <./assets/Switched Sprinting.png (PNG copy)> <./assets/SingleSwitching.png
 (PNG copy)>]
<assets/HetCores.png, id=128, 550.30594pt x 308.65312pt>
File: assets/HetCores.png Graphic file (type png)
<use assets/HetCores.png>
Package pdftex.def Info: assets/HetCores.png  used on input line 112.
(pdftex.def)             Requested size: 226.48395pt x 127.02898pt.
<assets/ReducedFrequencyCores.png, id=129, 574.145pt x 689.57625pt>
File: assets/ReducedFrequencyCores.png Graphic file (type png)
<use assets/ReducedFrequencyCores.png>
Package pdftex.def Info: assets/ReducedFrequencyCores.png  used on input line 1
21.
(pdftex.def)             Requested size: 226.48395pt x 272.01662pt.
) [20 <./assets/MemDriven.PNG> <./assets/Hetcores.PNG>] [21 <./assets/ReducedFr
equencyCores.png (PNG copy)>]
Chapter 4.
(./chapters/Results.tex [22

]
Underfull \hbox (badness 10000) in paragraph at lines 27--28

 []

[23] [24] [25]) [26]
Chapter 5.
(./chapters/Conclusion.tex) [27

]
Appendix A.

Overfull \hbox (142.66364pt too wide) in paragraph at lines 141--144
\T1/lmr/m/n/12 All ap-pendix ma-te-rial is con-tained in the fol-low-ing github
 repos-i-tory. https://github.com/MoonPresident/ENGG4802 
 []

[28

]
Overfull \hbox (0.31526pt too wide) in paragraph at lines 147--147
[]\T1/lmr/m/n/12 R. Den-nard, V. L. Ride-out, E. Bas-sous, and A. R. LeBlanc, `
`De-sign of ion-implanted
 []

LaTeX Font Info:    Trying to load font information for T1+lmtt on input line 1
46.
(c:/Apps/texlive/2019/texmf-dist/tex/latex/lm/t1lmtt.fd
File: t1lmtt.fd 2009/10/30 v1.6 Font defs for Latin Modern
) [29

] [30]
Overfull \hbox (9.08527pt too wide) in paragraph at lines 147--147
\T1/lmr/m/n/12 [On-line]. Avail-able: $\T1/lmtt/m/n/12 https : / / warpproject 
. org / trac / wiki / HardwareUsersGuides /
 []

[31] (./Steel, Thomas_43573136_ENGG4802.aux (./chapters/Declaration.aux))
Package logreq Info: Writing requests to '"Steel, Thomas_43573136_ENGG4802".run
.xml'.
\openout1 = `"Steel, Thomas_43573136_ENGG4802.run.xml"'.

 ) 
Here is how much of TeX's memory you used:
 9999 strings out of 480994
 184235 string characters out of 5913587
 804693 words of memory out of 5000000
 25350 multiletter control sequences out of 15000+600000
 589286 words of font info for 58 fonts, out of 8000000 for 9000
 1141 hyphenation exceptions out of 8191
 41i,11n,46p,1551b,1229s stack positions out of 5000i,500n,10000p,200000b,80000s
{c:/Apps/texlive/2019/texmf-dist/fonts/enc/dvips/lm/lm-ec.enc}{c:/Apps/texliv
e/2019/texmf-dist/fonts/enc/dvips/lm/lm-mathex.enc}{c:/Apps/texlive/2019/texmf-
dist/fonts/enc/dvips/lm/lm-ts1.enc}{c:/Apps/texlive/2019/texmf-dist/fonts/enc/d
vips/lm/lm-rm.enc}{c:/Apps/texlive/2019/texmf-dist/fonts/enc/dvips/lm/lm-mathsy
.enc}{c:/Apps/texlive/2019/texmf-dist/fonts/enc/dvips/lm/lm-mathit.enc}<c:/Apps
/texlive/2019/texmf-dist/fonts/type1/public/lm/lmbx12.pfb><c:/Apps/texlive/2019
/texmf-dist/fonts/type1/public/lm/lmcsc10.pfb><c:/Apps/texlive/2019/texmf-dist/
fonts/type1/public/lm/lmex10.pfb><c:/Apps/texlive/2019/texmf-dist/fonts/type1/p
ublic/lm/lmmi12.pfb><c:/Apps/texlive/2019/texmf-dist/fonts/type1/public/lm/lmmi
8.pfb><c:/Apps/texlive/2019/texmf-dist/fonts/type1/public/lm/lmr12.pfb><c:/Apps
/texlive/2019/texmf-dist/fonts/type1/public/lm/lmr17.pfb><c:/Apps/texlive/2019/
texmf-dist/fonts/type1/public/lm/lmr8.pfb><c:/Apps/texlive/2019/texmf-dist/font
s/type1/public/lm/lmri12.pfb><c:/Apps/texlive/2019/texmf-dist/fonts/type1/publi
c/lm/lmsy10.pfb><c:/Apps/texlive/2019/texmf-dist/fonts/type1/public/lm/lmsy8.pf
b><c:/Apps/texlive/2019/texmf-dist/fonts/type1/public/lm/lmtt12.pfb>
Output written on "Steel, Thomas_43573136_ENGG4802.pdf" (42 pages, 920194 bytes
).
PDF statistics:
 222 PDF objects out of 1000 (max. 8388607)
 142 compressed objects within 2 object streams
 0 named destinations out of 1000 (max. 500000)
 76 words of extra memory for PDF output out of 10000 (max. 10000000)

